Generated at 2013-08-14 15:43:32 +0900
Errno::ENOENT: No such file or directory - solo.rb
/home/hamada/src/chef-repo/cookbooks/ohai/recipes/default.rb:51:in `read'
/home/hamada/src/chef-repo/cookbooks/ohai/recipes/default.rb:51:in `from_file'
/opt/chef/embedded/lib/ruby/gems/1.9.1/gems/chef-11.6.0/lib/chef/mixin/from_file.rb:30:in `instance_eval'
/opt/chef/embedded/lib/ruby/gems/1.9.1/gems/chef-11.6.0/lib/chef/mixin/from_file.rb:30:in `from_file'
/opt/chef/embedded/lib/ruby/gems/1.9.1/gems/chef-11.6.0/lib/chef/cookbook_version.rb:237:in `load_recipe'
/opt/chef/embedded/lib/ruby/gems/1.9.1/gems/chef-11.6.0/lib/chef/run_context.rb:151:in `load_recipe'
/opt/chef/embedded/lib/ruby/gems/1.9.1/gems/chef-11.6.0/lib/chef/run_context.rb:132:in `block in include_recipe'
/opt/chef/embedded/lib/ruby/gems/1.9.1/gems/chef-11.6.0/lib/chef/run_context.rb:131:in `each'
/opt/chef/embedded/lib/ruby/gems/1.9.1/gems/chef-11.6.0/lib/chef/run_context.rb:131:in `include_recipe'
/opt/chef/embedded/lib/ruby/gems/1.9.1/gems/chef-11.6.0/lib/chef/dsl/include_recipe.rb:26:in `include_recipe'
/home/hamada/src/chef-repo/cookbooks/nginx/recipes/ohai_plugin.rb:39:in `from_file'
/opt/chef/embedded/lib/ruby/gems/1.9.1/gems/chef-11.6.0/lib/chef/mixin/from_file.rb:30:in `instance_eval'
/opt/chef/embedded/lib/ruby/gems/1.9.1/gems/chef-11.6.0/lib/chef/mixin/from_file.rb:30:in `from_file'
/opt/chef/embedded/lib/ruby/gems/1.9.1/gems/chef-11.6.0/lib/chef/cookbook_version.rb:237:in `load_recipe'
/opt/chef/embedded/lib/ruby/gems/1.9.1/gems/chef-11.6.0/lib/chef/run_context.rb:151:in `load_recipe'
/opt/chef/embedded/lib/ruby/gems/1.9.1/gems/chef-11.6.0/lib/chef/run_context.rb:132:in `block in include_recipe'
/opt/chef/embedded/lib/ruby/gems/1.9.1/gems/chef-11.6.0/lib/chef/run_context.rb:131:in `each'
/opt/chef/embedded/lib/ruby/gems/1.9.1/gems/chef-11.6.0/lib/chef/run_context.rb:131:in `include_recipe'
/opt/chef/embedded/lib/ruby/gems/1.9.1/gems/chef-11.6.0/lib/chef/dsl/include_recipe.rb:26:in `include_recipe'
/home/hamada/src/chef-repo/cookbooks/nginx/recipes/default.rb:21:in `from_file'
/opt/chef/embedded/lib/ruby/gems/1.9.1/gems/chef-11.6.0/lib/chef/mixin/from_file.rb:30:in `instance_eval'
/opt/chef/embedded/lib/ruby/gems/1.9.1/gems/chef-11.6.0/lib/chef/mixin/from_file.rb:30:in `from_file'
/opt/chef/embedded/lib/ruby/gems/1.9.1/gems/chef-11.6.0/lib/chef/cookbook_version.rb:237:in `load_recipe'
/opt/chef/embedded/lib/ruby/gems/1.9.1/gems/chef-11.6.0/lib/chef/run_context.rb:151:in `load_recipe'
/opt/chef/embedded/lib/ruby/gems/1.9.1/gems/chef-11.6.0/lib/chef/run_context/cookbook_compiler.rb:139:in `block in compile_recipes'
/opt/chef/embedded/lib/ruby/gems/1.9.1/gems/chef-11.6.0/lib/chef/run_context/cookbook_compiler.rb:137:in `each'
/opt/chef/embedded/lib/ruby/gems/1.9.1/gems/chef-11.6.0/lib/chef/run_context/cookbook_compiler.rb:137:in `compile_recipes'
/opt/chef/embedded/lib/ruby/gems/1.9.1/gems/chef-11.6.0/lib/chef/run_context/cookbook_compiler.rb:74:in `compile'
/opt/chef/embedded/lib/ruby/gems/1.9.1/gems/chef-11.6.0/lib/chef/run_context.rb:86:in `load'
/opt/chef/embedded/lib/ruby/gems/1.9.1/gems/chef-11.6.0/lib/chef/client.rb:249:in `setup_run_context'
/opt/chef/embedded/lib/ruby/gems/1.9.1/gems/chef-11.6.0/lib/chef/client.rb:492:in `do_run'
/opt/chef/embedded/lib/ruby/gems/1.9.1/gems/chef-11.6.0/lib/chef/client.rb:199:in `block in run'
/opt/chef/embedded/lib/ruby/gems/1.9.1/gems/chef-11.6.0/lib/chef/client.rb:193:in `fork'
/opt/chef/embedded/lib/ruby/gems/1.9.1/gems/chef-11.6.0/lib/chef/client.rb:193:in `run'
/opt/chef/embedded/lib/ruby/gems/1.9.1/gems/chef-11.6.0/lib/chef/application.rb:183:in `run_chef_client'
/opt/chef/embedded/lib/ruby/gems/1.9.1/gems/chef-11.6.0/lib/chef/application/solo.rb:239:in `block in run_application'
/opt/chef/embedded/lib/ruby/gems/1.9.1/gems/chef-11.6.0/lib/chef/application/solo.rb:231:in `loop'
/opt/chef/embedded/lib/ruby/gems/1.9.1/gems/chef-11.6.0/lib/chef/application/solo.rb:231:in `run_application'
/opt/chef/embedded/lib/ruby/gems/1.9.1/gems/chef-11.6.0/lib/chef/application.rb:66:in `run'
/opt/chef/embedded/lib/ruby/gems/1.9.1/gems/chef-11.6.0/bin/chef-solo:25:in `<top (required)>'
/usr/bin/chef-solo:23:in `load'
/usr/bin/chef-solo:23:in `<main>'